This is pdfTeX, Version 3.141592653-2.6-1.40.23 (MiKTeX 21.10) (preloaded format=pdflatex 2021.11.21)  29 JAN 2022 12:58
entering extended mode
**c:/Users/caian/Desktop/hw/3100hw1.tex
(c:/Users/caian/Desktop/hw/3100hw1.tex
LaTeX2e <2021-11-15>
L3 programming layer <2021-11-12> (C:\Users\caian\AppData\Local\Programs\MiKTeX\tex/latex/base\article.cls
Document Class: article 2021/10/04 v1.4n Standard LaTeX document class
(C:\Users\caian\AppData\Local\Programs\MiKTeX\tex/latex/base\size11.clo
File: size11.clo 2021/10/04 v1.4n Standard LaTeX file (size option)
)
\c@part=\count183
\c@section=\count184
\c@subsection=\count185
\c@subsubsection=\count186
\c@paragraph=\count187
\c@subparagraph=\count188
\c@figure=\count189
\c@table=\count190
\abovecaptionskip=\skip47
\belowcaptionskip=\skip48
\bibindent=\dimen138
) (C:\Users\caian\AppData\Local\Programs\MiKTeX\tex/latex/titlesec\titlesec.sty
Package: titlesec 2021/07/05 v2.14 Sectioning titles
\ttl@box=\box50
\beforetitleunit=\skip49
\aftertitleunit=\skip50
\ttl@plus=\dimen139
\ttl@minus=\dimen140
\ttl@toksa=\toks16
\titlewidth=\dimen141
\titlewidthlast=\dimen142
\titlewidthfirst=\dimen143
) (C:\Users\caian\AppData\Local\Programs\MiKTeX\tex/latex/enumitem\enumitem.sty
Package: enumitem 2019/06/20 v3.9 Customized lists
\enitkv@toks@=\toks17
\labelindent=\skip51
\enit@outerparindent=\dimen144
\enit@toks=\toks18
\enit@inbox=\box51
\enit@count@id=\count191
\enitdp@description=\count192
) (C:\Users\caian\AppData\Local\Programs\MiKTeX\tex/latex/preprint\fullpage.sty
Package: fullpage 1999/02/23 1.1 (PWD)
\FP@margin=\skip52
) (C:\Users\caian\AppData\Local\Programs\MiKTeX\tex/latex/graphics\graphicx.sty
Package: graphicx 2021/09/16 v1.2d Enhanced LaTeX Graphics (DPC,SPQR)
 (C:\Users\caian\AppData\Local\Programs\MiKTeX\tex/latex/graphics\keyval.sty
Package: keyval 2014/10/28 v1.15 key=value parser (DPC)
\KV@toks@=\toks19
) (C:\Users\caian\AppData\Local\Programs\MiKTeX\tex/latex/graphics\graphics.sty
Package: graphics 2021/03/04 v1.4d Standard LaTeX Graphics (DPC,SPQR)
 (C:\Users\caian\AppData\Local\Programs\MiKTeX\tex/latex/graphics\trig.sty
Package: trig 2021/08/11 v1.11 sin cos tan (DPC)
) (C:\Users\caian\AppData\Local\Programs\MiKTeX\tex/latex/graphics-cfg\graphics.cfg
File: graphics.cfg 2016/06/04 v1.11 sample graphics configuration
)
Package graphics Info: Driver file: pdftex.def on input line 107.
 (C:\Users\caian\AppData\Local\Programs\MiKTeX\tex/latex/graphics-def\pdftex.def
File: pdftex.def 2020/10/05 v1.2a Graphics/color driver for pdftex
))
\Gin@req@height=\dimen145
\Gin@req@width=\dimen146
) (C:\Users\caian\AppData\Local\Programs\MiKTeX\tex/latex/float\float.sty
Package: float 2001/11/08 v1.3d Float enhancements (AL)
\c@float@type=\count193
\float@exts=\toks20
\float@box=\box52
\@float@everytoks=\toks21
\@floatcapt=\box53
) (C:\Users\caian\AppData\Local\Programs\MiKTeX\tex/latex/l3backend\l3backend-pdftex.def
File: l3backend-pdftex.def 2021-10-18 L3 backend support: PDF output (pdfTeX)
\l__color_backend_stack_int=\count194
\l__pdf_internal_box=\box54
) (3100hw1.aux)
\openout1 = `3100hw1.aux'.

LaTeX Font Info:    Checking defaults for OML/cmm/m/it on input line 9.
LaTeX Font Info:    ... okay on input line 9.
LaTeX Font Info:    Checking defaults for OMS/cmsy/m/n on input line 9.
LaTeX Font Info:    ... okay on input line 9.
LaTeX Font Info:    Checking defaults for OT1/cmr/m/n on input line 9.
LaTeX Font Info:    ... okay on input line 9.
LaTeX Font Info:    Checking defaults for T1/cmr/m/n on input line 9.
LaTeX Font Info:    ... okay on input line 9.
LaTeX Font Info:    Checking defaults for TS1/cmr/m/n on input line 9.
LaTeX Font Info:    ... okay on input line 9.
LaTeX Font Info:    Checking defaults for OMX/cmex/m/n on input line 9.
LaTeX Font Info:    ... okay on input line 9.
LaTeX Font Info:    Checking defaults for U/cmr/m/n on input line 9.
LaTeX Font Info:    ... okay on input line 9.
 (C:\Users\caian\AppData\Local\Programs\MiKTeX\tex/context/base/mkii\supp-pdf.mkii
[Loading MPS to PDF converter (version 2006.09.02).]
\scratchcounter=\count195
\scratchdimen=\dimen147
\scratchbox=\box55
\nofMPsegments=\count196
\nofMParguments=\count197
\everyMPshowfont=\toks22
\MPscratchCnt=\count198
\MPscratchDim=\dimen148
\MPnumerator=\count199
\makeMPintoPDFobject=\count266
\everyMPtoPDFconversion=\toks23
) (C:\Users\caian\AppData\Local\Programs\MiKTeX\tex/latex/epstopdf-pkg\epstopdf-base.sty
Package: epstopdf-base 2020-01-24 v2.11 Base part for package epstopdf
Package epstopdf-base Info: Redefining graphics rule for `.eps' on input line 485.
 (C:\Users\caian\AppData\Local\Programs\MiKTeX\tex/latex/00miktex\epstopdf-sys.cfg
File: epstopdf-sys.cfg 2021/03/18 v2.0 Configuration of epstopdf for MiKTeX
))
LaTeX Font Info:    External font `cmex10' loaded for size
(Font)              <10.95> on input line 14.
LaTeX Font Info:    External font `cmex10' loaded for size
(Font)              <8> on input line 14.
LaTeX Font Info:    External font `cmex10' loaded for size
(Font)              <6> on input line 14.
<C:/Users/caian/Pictures/3100hw1//a.png, id=1, 172.2435pt x 166.221pt>
File: C:/Users/caian/Pictures/3100hw1//a.png Graphic file (type png)
<use C:/Users/caian/Pictures/3100hw1//a.png>
Package pdftex.def Info: C:/Users/caian/Pictures/3100hw1//a.png  used on input line 83.
(pdftex.def)             Requested size: 172.24307pt x 166.22057pt.
 [1

{C:/Users/caian/AppData/Local/MiKTeX/pdftex/config/pdftex.map}]
<C:/Users/caian/Pictures/3100hw1//b.png, id=12, 171.64125pt x 157.7895pt>
File: C:/Users/caian/Pictures/3100hw1//b.png Graphic file (type png)
<use C:/Users/caian/Pictures/3100hw1//b.png>
Package pdftex.def Info: C:/Users/caian/Pictures/3100hw1//b.png  used on input line 88.
(pdftex.def)             Requested size: 171.64081pt x 157.78911pt.
<C:/Users/caian/Pictures/3100hw1//c.png, id=13, 170.43675pt x 163.20975pt>
File: C:/Users/caian/Pictures/3100hw1//c.png Graphic file (type png)
<use C:/Users/caian/Pictures/3100hw1//c.png>
Package pdftex.def Info: C:/Users/caian/Pictures/3100hw1//c.png  used on input line 92.
(pdftex.def)             Requested size: 170.43631pt x 163.20934pt.
<C:/Users/caian/Pictures/3100hw1//d.png, id=14, 174.6525pt x 163.812pt>
File: C:/Users/caian/Pictures/3100hw1//d.png Graphic file (type png)
<use C:/Users/caian/Pictures/3100hw1//d.png>
Package pdftex.def Info: C:/Users/caian/Pictures/3100hw1//d.png  used on input line 99.
(pdftex.def)             Requested size: 174.65207pt x 163.81158pt.
 [2 <C:/Users/caian/Pictures/3100hw1//a.png> <C:/Users/caian/Pictures/3100hw1//b.png> <C:/Users/caian/Pictures/3100hw1//c.png>]
<C:/Users/caian/Pictures/3100hw1//e.png, id=21, 172.84575pt x 152.36925pt>
File: C:/Users/caian/Pictures/3100hw1//e.png Graphic file (type png)
<use C:/Users/caian/Pictures/3100hw1//e.png>
Package pdftex.def Info: C:/Users/caian/Pictures/3100hw1//e.png  used on input line 103.
(pdftex.def)             Requested size: 172.8453pt x 152.36887pt.
 [3 <C:/Users/caian/Pictures/3100hw1//d.png> <C:/Users/caian/Pictures/3100hw1//e.png>] (3100hw1.aux) ) 
Here is how much of TeX's memory you used:
 2075 strings out of 478699
 35018 string characters out of 2846961
 343980 words of memory out of 3000000
 20176 multiletter control sequences out of 15000+600000
 406774 words of font info for 38 fonts, out of 8000000 for 9000
 1141 hyphenation exceptions out of 8191
 55i,6n,62p,228b,329s stack positions out of 5000i,500n,10000p,200000b,80000s
<C:/Users/caian/AppData/Local/Programs/MiKTeX/fonts/type1/public/amsfonts/cm/cmbx12.pfb><C:/Users/caian/AppData/Local/Programs/MiKTeX/fonts/type1/public/amsfonts/cm/cmmi10.pfb><C:/Users/caian/AppData/Local/Programs/MiKTeX/fonts/type1/public/amsfonts/cm/cmr10.pfb><C:/Users/caian/AppData/Local/Programs/MiKTeX/fonts/type1/public/amsfonts/cm/cmr8.pfb><C:/Users/caian/AppData/Local/Programs/MiKTeX/fonts/type1/public/amsfonts/cm/cmsy10.pfb>
Output written on 3100hw1.pdf (3 pages, 144883 bytes).
PDF statistics:
 48 PDF objects out of 1000 (max. 8388607)
 0 named destinations out of 1000 (max. 500000)
 26 words of extra memory for PDF output out of 10000 (max. 10000000)

